23:27:12.963 [ApplicationImpl pooled thread 946] INFO  c.b.l.BrowserStackRunExtension - application
23:27:12.963 [ApplicationImpl pooled thread 946] INFO  com.browserstack.utils.Helpers - null
23:28:43.200 [ApplicationImpl pooled thread 960] INFO  c.b.l.BrowserStackRunExtension - application
23:28:43.201 [ApplicationImpl pooled thread 960] INFO  com.browserstack.utils.Helpers - null
23:29:18.952 [ApplicationImpl pooled thread 954] INFO  c.b.l.BrowserStackRunExtension - application
23:29:18.953 [ApplicationImpl pooled thread 954] INFO  com.browserstack.utils.Helpers - null
23:30:01.332 [ApplicationImpl pooled thread 960] INFO  c.b.l.BrowserStackRunExtension - application
23:30:01.332 [ApplicationImpl pooled thread 960] INFO  com.browserstack.utils.Helpers - null
23:31:29.554 [ApplicationImpl pooled thread 965] INFO  c.b.l.BrowserStackRunExtension - application
23:31:29.555 [ApplicationImpl pooled thread 965] INFO  com.browserstack.utils.Helpers - null
23:31:51.990 [ApplicationImpl pooled thread 967] INFO  c.b.l.BrowserStackRunExtension - application
23:31:51.991 [ApplicationImpl pooled thread 967] INFO  com.browserstack.utils.Helpers - null
23:32:10.495 [ApplicationImpl pooled thread 960] INFO  c.b.l.BrowserStackRunExtension - application
23:32:10.495 [ApplicationImpl pooled thread 960] INFO  com.browserstack.utils.Helpers - null
23:33:13.541 [ApplicationImpl pooled thread 965] INFO  c.b.l.BrowserStackRunExtension - application
23:33:13.542 [ApplicationImpl pooled thread 965] INFO  com.browserstack.utils.Helpers - null
23:33:44.124 [ApplicationImpl pooled thread 966] INFO  c.b.l.BrowserStackRunExtension - application
23:33:44.125 [ApplicationImpl pooled thread 966] INFO  com.browserstack.utils.Helpers - null
00:37:09.709 [ApplicationImpl pooled thread 1028] INFO  c.b.l.BrowserStackRunExtension - application
00:37:09.709 [ApplicationImpl pooled thread 1028] INFO  com.browserstack.utils.Helpers - null
00:38:17.989 [ApplicationImpl pooled thread 1037] INFO  c.b.l.BrowserStackRunExtension - application
00:38:17.989 [ApplicationImpl pooled thread 1037] INFO  com.browserstack.utils.Helpers - null
01:00:28.307 [ApplicationImpl pooled thread 1081] INFO  c.b.l.BrowserStackRunExtension - testng
01:00:28.307 [ApplicationImpl pooled thread 1081] INFO  com.browserstack.utils.Helpers - null
01:00:28.308 [ApplicationImpl pooled thread 1081] INFO  c.b.l.BrowserStackRunExtension - Agent path: null
01:06:33.194 [ApplicationImpl pooled thread 1121] INFO  c.b.l.BrowserStackRunExtension - testng
01:06:33.194 [ApplicationImpl pooled thread 1121] INFO  com.browserstack.utils.Helpers - null
01:06:33.195 [ApplicationImpl pooled thread 1121] INFO  c.b.l.BrowserStackRunExtension - Agent path: null
01:07:22.930 [ApplicationImpl pooled thread 1128] INFO  c.b.l.BrowserStackRunExtension - testng
01:07:22.931 [ApplicationImpl pooled thread 1128] INFO  com.browserstack.utils.Helpers - null
01:07:22.931 [ApplicationImpl pooled thread 1128] INFO  c.b.l.BrowserStackRunExtension - Agent path: null
01:11:18.331 [ApplicationImpl pooled thread 1125] INFO  c.b.l.BrowserStackRunExtension - testng
01:11:18.331 [ApplicationImpl pooled thread 1125] INFO  com.browserstack.utils.Helpers - null
01:11:18.332 [ApplicationImpl pooled thread 1125] INFO  c.b.l.BrowserStackRunExtension - Agent path: null
12:07:35.776 [ApplicationImpl pooled thread 1339] INFO  c.b.l.BrowserStackRunExtension - application
12:07:35.777 [ApplicationImpl pooled thread 1339] INFO  com.browserstack.utils.Helpers - null
12:10:17.773 [ApplicationImpl pooled thread 1352] INFO  c.b.l.BrowserStackRunExtension - application
12:10:17.773 [ApplicationImpl pooled thread 1352] INFO  com.browserstack.utils.Helpers - null
12:15:34.341 [ApplicationImpl pooled thread 1345] INFO  c.b.l.BrowserStackRunExtension - application
12:15:34.341 [ApplicationImpl pooled thread 1345] INFO  com.browserstack.utils.Helpers - null
12:17:10.426 [ApplicationImpl pooled thread 1364] INFO  c.b.l.BrowserStackRunExtension - application
12:17:10.427 [ApplicationImpl pooled thread 1364] INFO  com.browserstack.utils.Helpers - null
13:49:15.056 [ApplicationImpl pooled thread 1462] INFO  c.b.l.BrowserStackRunExtension - application
13:49:15.070 [ApplicationImpl pooled thread 1462] INFO  com.browserstack.utils.Helpers - null
13:50:01.071 [ApplicationImpl pooled thread 1457] INFO  c.b.l.BrowserStackRunExtension - application
13:50:01.071 [ApplicationImpl pooled thread 1457] INFO  com.browserstack.utils.Helpers - null
15:14:09.349 [ApplicationImpl pooled thread 1577] INFO  c.b.l.BrowserStackRunExtension - application
15:14:09.351 [ApplicationImpl pooled thread 1577] INFO  com.browserstack.utils.Helpers - null
15:25:50.384 [ApplicationImpl pooled thread 1603] INFO  c.b.l.BrowserStackRunExtension - application
15:25:50.384 [ApplicationImpl pooled thread 1603] INFO  com.browserstack.utils.Helpers - null
15:15:55.160 [ApplicationImpl pooled thread 1989] INFO  c.b.l.BrowserStackRunExtension - application
15:15:55.161 [ApplicationImpl pooled thread 1989] INFO  com.browserstack.utils.Helpers - null
15:33:59.839 [ApplicationImpl pooled thread 2030] INFO  c.b.l.BrowserStackRunExtension - application
15:33:59.839 [ApplicationImpl pooled thread 2030] INFO  com.browserstack.utils.Helpers - null
15:34:52.440 [ApplicationImpl pooled thread 2032] INFO  c.b.l.BrowserStackRunExtension - application
15:34:52.440 [ApplicationImpl pooled thread 2032] INFO  com.browserstack.utils.Helpers - null
15:35:02.631 [ApplicationImpl pooled thread 2033] INFO  c.b.l.BrowserStackRunExtension - application
15:35:02.631 [ApplicationImpl pooled thread 2033] INFO  com.browserstack.utils.Helpers - null
15:35:31.758 [ApplicationImpl pooled thread 2037] INFO  c.b.l.BrowserStackRunExtension - application
15:35:31.759 [ApplicationImpl pooled thread 2037] INFO  com.browserstack.utils.Helpers - null
00:35:12.120 [ApplicationImpl pooled thread 247] INFO  c.b.l.BrowserStackRunExtension - testng
00:35:12.121 [ApplicationImpl pooled thread 247] INFO  com.browserstack.utils.Helpers - null
00:35:12.122 [ApplicationImpl pooled thread 247] INFO  c.b.l.BrowserStackRunExtension - Agent path: null
00:38:34.454 [ApplicationImpl pooled thread 292] INFO  c.b.l.BrowserStackRunExtension - testng
00:38:34.454 [ApplicationImpl pooled thread 292] INFO  com.browserstack.utils.Helpers - null
00:38:34.455 [ApplicationImpl pooled thread 292] INFO  c.b.l.BrowserStackRunExtension - Agent path: null
00:05:31.563 [ApplicationImpl pooled thread 639] INFO  c.b.l.BrowserStackRunExtension - testng
00:05:31.564 [ApplicationImpl pooled thread 639] INFO  com.browserstack.utils.Helpers - null
00:05:31.566 [ApplicationImpl pooled thread 639] INFO  c.b.l.BrowserStackRunExtension - Agent path: null
00:08:01.425 [ApplicationImpl pooled thread 652] INFO  c.b.l.BrowserStackRunExtension - testng
00:08:01.425 [ApplicationImpl pooled thread 652] INFO  com.browserstack.utils.Helpers - null
00:08:01.425 [ApplicationImpl pooled thread 652] INFO  c.b.l.BrowserStackRunExtension - Agent path: null
00:10:39.530 [ApplicationImpl pooled thread 658] INFO  c.b.l.BrowserStackRunExtension - testng
00:10:39.530 [ApplicationImpl pooled thread 658] INFO  com.browserstack.utils.Helpers - null
00:10:39.530 [ApplicationImpl pooled thread 658] INFO  c.b.l.BrowserStackRunExtension - Agent path: null
00:13:22.099 [ApplicationImpl pooled thread 660] INFO  c.b.l.BrowserStackRunExtension - testng
00:13:22.100 [ApplicationImpl pooled thread 660] INFO  com.browserstack.utils.Helpers - null
00:13:22.102 [ApplicationImpl pooled thread 660] INFO  c.b.l.BrowserStackRunExtension - Agent path: null
00:16:03.890 [ApplicationImpl pooled thread 656] INFO  c.b.l.BrowserStackRunExtension - testng
00:16:03.890 [ApplicationImpl pooled thread 656] INFO  com.browserstack.utils.Helpers - null
00:16:03.891 [ApplicationImpl pooled thread 656] INFO  c.b.l.BrowserStackRunExtension - Agent path: null
17:11:28.880 [ApplicationImpl pooled thread 1175] INFO  c.b.l.BrowserStackRunExtension - application
17:11:28.881 [ApplicationImpl pooled thread 1175] INFO  com.browserstack.utils.Helpers - null
17:12:19.760 [ApplicationImpl pooled thread 1165] INFO  c.b.l.BrowserStackRunExtension - application
17:12:19.761 [ApplicationImpl pooled thread 1165] INFO  com.browserstack.utils.Helpers - null
17:57:03.689 [ApplicationImpl pooled thread 1254] INFO  c.b.l.BrowserStackRunExtension - testng
17:57:03.690 [ApplicationImpl pooled thread 1254] INFO  com.browserstack.utils.Helpers - null
17:57:03.691 [ApplicationImpl pooled thread 1254] INFO  c.b.l.BrowserStackRunExtension - Agent path: null
17:57:45.891 [ApplicationImpl pooled thread 1255] INFO  c.b.l.BrowserStackRunExtension - testng
17:57:45.891 [ApplicationImpl pooled thread 1255] INFO  com.browserstack.utils.Helpers - null
17:57:45.892 [ApplicationImpl pooled thread 1255] INFO  c.b.l.BrowserStackRunExtension - Agent path: null
21:42:20.319 [ApplicationImpl pooled thread 1338] INFO  c.b.l.BrowserStackRunExtension - testng
21:42:20.321 [ApplicationImpl pooled thread 1338] INFO  com.browserstack.utils.Helpers - null
21:42:20.322 [ApplicationImpl pooled thread 1338] INFO  c.b.l.BrowserStackRunExtension - Agent path: null
21:44:59.101 [ApplicationImpl pooled thread 1371] INFO  c.b.l.BrowserStackRunExtension - testng
21:44:59.101 [ApplicationImpl pooled thread 1371] INFO  com.browserstack.utils.Helpers - null
21:44:59.103 [ApplicationImpl pooled thread 1371] INFO  c.b.l.BrowserStackRunExtension - Agent path: null
23:19:50.833 [ApplicationImpl pooled thread 1422] INFO  c.b.l.BrowserStackRunExtension - application
23:19:50.834 [ApplicationImpl pooled thread 1422] INFO  com.browserstack.utils.Helpers - null
23:31:00.944 [ApplicationImpl pooled thread 1425] INFO  c.b.l.BrowserStackRunExtension - application
23:31:00.945 [ApplicationImpl pooled thread 1425] INFO  com.browserstack.utils.Helpers - null
23:31:27.747 [ApplicationImpl pooled thread 1436] INFO  c.b.l.BrowserStackRunExtension - application
23:31:27.748 [ApplicationImpl pooled thread 1436] INFO  com.browserstack.utils.Helpers - null
17:34:00.242 [ApplicationImpl pooled thread 320] INFO  c.b.l.BrowserStackRunExtension - testng
17:34:00.243 [ApplicationImpl pooled thread 320] INFO  com.browserstack.utils.Helpers - null
17:34:00.244 [ApplicationImpl pooled thread 320] INFO  c.b.l.BrowserStackRunExtension - Agent path: null
17:34:16.163 [ApplicationImpl pooled thread 341] INFO  c.b.l.BrowserStackRunExtension - testng
17:34:16.163 [ApplicationImpl pooled thread 341] INFO  com.browserstack.utils.Helpers - null
17:34:16.164 [ApplicationImpl pooled thread 341] INFO  c.b.l.BrowserStackRunExtension - Agent path: null
17:55:58.742 [ApplicationImpl pooled thread 42] INFO  c.b.l.BrowserStackRunExtension - testng
17:55:58.743 [ApplicationImpl pooled thread 42] INFO  com.browserstack.utils.Helpers - null
17:55:58.745 [ApplicationImpl pooled thread 42] INFO  c.b.l.BrowserStackRunExtension - Agent path: null
16:35:34.797 [ApplicationImpl pooled thread 1122] INFO  c.b.l.BrowserStackRunExtension - testng
16:35:34.798 [ApplicationImpl pooled thread 1122] INFO  com.browserstack.utils.Helpers - null
16:35:34.799 [ApplicationImpl pooled thread 1122] INFO  c.b.l.BrowserStackRunExtension - Agent path: null
16:16:44.891 [ApplicationImpl pooled thread 200] INFO  c.b.l.BrowserStackRunExtension - testng
16:16:44.891 [ApplicationImpl pooled thread 200] INFO  com.browserstack.utils.Helpers - null
16:16:44.892 [ApplicationImpl pooled thread 200] INFO  c.b.l.BrowserStackRunExtension - Agent path: null
16:17:10.125 [ApplicationImpl pooled thread 209] INFO  c.b.l.BrowserStackRunExtension - testng
16:17:10.125 [ApplicationImpl pooled thread 209] INFO  com.browserstack.utils.Helpers - null
16:17:10.126 [ApplicationImpl pooled thread 209] INFO  c.b.l.BrowserStackRunExtension - Agent path: null
16:17:46.952 [ApplicationImpl pooled thread 203] INFO  c.b.l.BrowserStackRunExtension - testng
16:17:46.953 [ApplicationImpl pooled thread 203] INFO  com.browserstack.utils.Helpers - null
16:17:46.953 [ApplicationImpl pooled thread 203] INFO  c.b.l.BrowserStackRunExtension - Agent path: null
16:56:48.336 [ApplicationImpl pooled thread 816] INFO  c.b.l.BrowserStackRunExtension - testng
16:56:48.338 [ApplicationImpl pooled thread 816] INFO  com.browserstack.utils.Helpers - null
16:56:48.341 [ApplicationImpl pooled thread 816] INFO  c.b.l.BrowserStackRunExtension - Agent path: null
20:35:05.225 [ApplicationImpl pooled thread 931] INFO  c.b.l.BrowserStackRunExtension - application
20:35:05.225 [ApplicationImpl pooled thread 931] INFO  com.browserstack.utils.Helpers - null
20:36:46.691 [ApplicationImpl pooled thread 940] INFO  c.b.l.BrowserStackRunExtension - application
20:36:46.691 [ApplicationImpl pooled thread 940] INFO  com.browserstack.utils.Helpers - null
20:39:07.961 [ApplicationImpl pooled thread 943] INFO  c.b.l.BrowserStackRunExtension - application
20:39:07.961 [ApplicationImpl pooled thread 943] INFO  com.browserstack.utils.Helpers - null
20:40:09.212 [ApplicationImpl pooled thread 947] INFO  c.b.l.BrowserStackRunExtension - application
20:40:09.212 [ApplicationImpl pooled thread 947] INFO  com.browserstack.utils.Helpers - null
20:41:13.638 [ApplicationImpl pooled thread 949] INFO  c.b.l.BrowserStackRunExtension - application
20:41:13.639 [ApplicationImpl pooled thread 949] INFO  com.browserstack.utils.Helpers - null
20:41:34.483 [ApplicationImpl pooled thread 947] INFO  c.b.l.BrowserStackRunExtension - application
20:41:34.483 [ApplicationImpl pooled thread 947] INFO  com.browserstack.utils.Helpers - null
21:00:30.749 [ApplicationImpl pooled thread 968] INFO  c.b.l.BrowserStackRunExtension - application
21:00:30.749 [ApplicationImpl pooled thread 968] INFO  com.browserstack.utils.Helpers - null
21:00:38.044 [ApplicationImpl pooled thread 969] INFO  c.b.l.BrowserStackRunExtension - application
21:00:38.044 [ApplicationImpl pooled thread 969] INFO  com.browserstack.utils.Helpers - null
21:02:26.493 [ApplicationImpl pooled thread 972] INFO  c.b.l.BrowserStackRunExtension - application
21:02:26.494 [ApplicationImpl pooled thread 972] INFO  com.browserstack.utils.Helpers - null
21:03:19.749 [ApplicationImpl pooled thread 971] INFO  c.b.l.BrowserStackRunExtension - application
21:03:19.750 [ApplicationImpl pooled thread 971] INFO  com.browserstack.utils.Helpers - null
15:24:25.138 [ApplicationImpl pooled thread 175] INFO  c.b.l.BrowserStackRunExtension - testng
15:24:25.139 [ApplicationImpl pooled thread 175] INFO  com.browserstack.utils.Helpers - null
15:24:25.141 [ApplicationImpl pooled thread 175] INFO  c.b.l.BrowserStackRunExtension - Agent path: null
15:24:55.248 [ApplicationImpl pooled thread 199] INFO  c.b.l.BrowserStackRunExtension - testng
15:24:55.248 [ApplicationImpl pooled thread 199] INFO  com.browserstack.utils.Helpers - null
15:24:55.249 [ApplicationImpl pooled thread 199] INFO  c.b.l.BrowserStackRunExtension - Agent path: null
15:27:54.235 [ApplicationImpl pooled thread 175] INFO  c.b.l.BrowserStackRunExtension - testng
15:27:54.235 [ApplicationImpl pooled thread 175] INFO  com.browserstack.utils.Helpers - null
15:27:54.236 [ApplicationImpl pooled thread 175] INFO  c.b.l.BrowserStackRunExtension - Agent path: null
20:24:38.727 [ApplicationImpl pooled thread 369] INFO  c.b.l.BrowserStackRunExtension - testng
20:24:38.729 [ApplicationImpl pooled thread 369] INFO  com.browserstack.utils.Helpers - null
20:24:38.730 [ApplicationImpl pooled thread 369] INFO  c.b.l.BrowserStackRunExtension - Agent path: null
20:29:06.179 [ApplicationImpl pooled thread 365] INFO  c.b.l.BrowserStackRunExtension - testng
20:29:06.180 [ApplicationImpl pooled thread 365] INFO  com.browserstack.utils.Helpers - null
20:29:06.181 [ApplicationImpl pooled thread 365] INFO  c.b.l.BrowserStackRunExtension - Agent path: null
20:31:56.046 [ApplicationImpl pooled thread 380] INFO  c.b.l.BrowserStackRunExtension - testng
20:31:56.048 [ApplicationImpl pooled thread 380] INFO  com.browserstack.utils.Helpers - null
20:31:56.052 [ApplicationImpl pooled thread 380] INFO  c.b.l.BrowserStackRunExtension - Agent path: null
20:35:36.019 [ApplicationImpl pooled thread 414] INFO  c.b.l.BrowserStackRunExtension - testng
20:35:36.019 [ApplicationImpl pooled thread 414] INFO  com.browserstack.utils.Helpers - null
20:35:36.019 [ApplicationImpl pooled thread 414] INFO  c.b.l.BrowserStackRunExtension - Agent path: null
20:36:56.258 [ApplicationImpl pooled thread 435] INFO  c.b.l.BrowserStackRunExtension - testng
20:36:56.258 [ApplicationImpl pooled thread 435] INFO  com.browserstack.utils.Helpers - null
20:36:56.259 [ApplicationImpl pooled thread 435] INFO  c.b.l.BrowserStackRunExtension - Agent path: null
20:48:50.540 [ApplicationImpl pooled thread 463] INFO  c.b.l.BrowserStackRunExtension - testng
20:48:50.540 [ApplicationImpl pooled thread 463] INFO  com.browserstack.utils.Helpers - null
20:48:50.540 [ApplicationImpl pooled thread 463] INFO  c.b.l.BrowserStackRunExtension - Agent path: null
00:14:15.162 [ApplicationImpl pooled thread 666] INFO  c.b.l.BrowserStackRunExtension - testng
00:14:15.163 [ApplicationImpl pooled thread 666] INFO  com.browserstack.utils.Helpers - null
00:14:15.164 [ApplicationImpl pooled thread 666] INFO  c.b.l.BrowserStackRunExtension - Agent path: null
00:20:40.164 [ApplicationImpl pooled thread 688] INFO  c.b.l.BrowserStackRunExtension - testng
00:20:40.164 [ApplicationImpl pooled thread 688] INFO  com.browserstack.utils.Helpers - null
00:20:40.165 [ApplicationImpl pooled thread 688] INFO  c.b.l.BrowserStackRunExtension - Agent path: null
00:22:23.946 [ApplicationImpl pooled thread 687] INFO  c.b.l.BrowserStackRunExtension - testng
00:22:23.946 [ApplicationImpl pooled thread 687] INFO  com.browserstack.utils.Helpers - null
00:22:23.946 [ApplicationImpl pooled thread 687] INFO  c.b.l.BrowserStackRunExtension - Agent path: null
00:23:02.295 [ApplicationImpl pooled thread 669] INFO  c.b.l.BrowserStackRunExtension - testng
00:23:02.296 [ApplicationImpl pooled thread 669] INFO  com.browserstack.utils.Helpers - null
00:23:02.296 [ApplicationImpl pooled thread 669] INFO  c.b.l.BrowserStackRunExtension - Agent path: null
08:46:00.161 [ApplicationImpl pooled thread 842] INFO  c.b.l.BrowserStackRunExtension - testng
08:46:00.163 [ApplicationImpl pooled thread 842] INFO  com.browserstack.utils.Helpers - null
08:46:00.164 [ApplicationImpl pooled thread 842] INFO  c.b.l.BrowserStackRunExtension - Agent path: null
09:36:54.830 [ApplicationImpl pooled thread 870] INFO  c.b.l.BrowserStackRunExtension - testng
09:36:54.831 [ApplicationImpl pooled thread 870] INFO  com.browserstack.utils.Helpers - null
09:36:54.832 [ApplicationImpl pooled thread 870] INFO  c.b.l.BrowserStackRunExtension - Agent path: null
10:22:31.683 [ApplicationImpl pooled thread 915] INFO  c.b.l.BrowserStackRunExtension - testng
10:22:31.685 [ApplicationImpl pooled thread 915] INFO  com.browserstack.utils.Helpers - null
10:22:31.685 [ApplicationImpl pooled thread 915] INFO  c.b.l.BrowserStackRunExtension - Agent path: null
10:25:17.339 [ApplicationImpl pooled thread 925] INFO  c.b.l.BrowserStackRunExtension - testng
10:25:17.339 [ApplicationImpl pooled thread 925] INFO  com.browserstack.utils.Helpers - null
10:25:17.340 [ApplicationImpl pooled thread 925] INFO  c.b.l.BrowserStackRunExtension - Agent path: null
10:40:08.057 [ApplicationImpl pooled thread 961] INFO  c.b.l.BrowserStackRunExtension - testng
10:40:08.057 [ApplicationImpl pooled thread 961] INFO  com.browserstack.utils.Helpers - null
10:40:08.059 [ApplicationImpl pooled thread 961] INFO  c.b.l.BrowserStackRunExtension - Agent path: null
10:42:19.582 [ApplicationImpl pooled thread 1079] INFO  c.b.l.BrowserStackRunExtension - application
10:42:19.583 [ApplicationImpl pooled thread 1079] INFO  com.browserstack.utils.Helpers - null
10:44:24.057 [ApplicationImpl pooled thread 1084] INFO  c.b.l.BrowserStackRunExtension - application
10:44:24.057 [ApplicationImpl pooled thread 1084] INFO  com.browserstack.utils.Helpers - null
10:53:31.018 [ApplicationImpl pooled thread 1099] INFO  c.b.l.BrowserStackRunExtension - application
10:53:31.020 [ApplicationImpl pooled thread 1099] INFO  com.browserstack.utils.Helpers - null
10:54:18.815 [ApplicationImpl pooled thread 1098] INFO  c.b.l.BrowserStackRunExtension - application
10:54:18.815 [ApplicationImpl pooled thread 1098] INFO  com.browserstack.utils.Helpers - null
10:56:22.694 [ApplicationImpl pooled thread 1096] INFO  c.b.l.BrowserStackRunExtension - application
10:56:22.695 [ApplicationImpl pooled thread 1096] INFO  com.browserstack.utils.Helpers - null
11:03:01.917 [ApplicationImpl pooled thread 1117] INFO  c.b.l.BrowserStackRunExtension - application
11:03:01.917 [ApplicationImpl pooled thread 1117] INFO  com.browserstack.utils.Helpers - null
11:03:09.460 [ApplicationImpl pooled thread 1111] INFO  c.b.l.BrowserStackRunExtension - application
11:03:09.460 [ApplicationImpl pooled thread 1111] INFO  com.browserstack.utils.Helpers - null
11:16:43.824 [ApplicationImpl pooled thread 1125] INFO  c.b.l.BrowserStackRunExtension - application
11:16:43.824 [ApplicationImpl pooled thread 1125] INFO  com.browserstack.utils.Helpers - null
11:18:04.988 [ApplicationImpl pooled thread 1154] INFO  c.b.l.BrowserStackRunExtension - application
11:18:04.988 [ApplicationImpl pooled thread 1154] INFO  com.browserstack.utils.Helpers - null
11:21:42.752 [ApplicationImpl pooled thread 1160] INFO  c.b.l.BrowserStackRunExtension - application
11:21:42.753 [ApplicationImpl pooled thread 1160] INFO  com.browserstack.utils.Helpers - null
11:54:33.780 [ApplicationImpl pooled thread 1190] INFO  c.b.l.BrowserStackRunExtension - application
11:54:33.780 [ApplicationImpl pooled thread 1190] INFO  com.browserstack.utils.Helpers - null
11:54:56.974 [ApplicationImpl pooled thread 1192] INFO  c.b.l.BrowserStackRunExtension - application
11:54:56.974 [ApplicationImpl pooled thread 1192] INFO  com.browserstack.utils.Helpers - null
16:47:07.853 [ApplicationImpl pooled thread 1313] INFO  c.b.l.BrowserStackRunExtension - application
16:47:07.857 [ApplicationImpl pooled thread 1313] INFO  com.browserstack.utils.Helpers - null
16:57:12.942 [ApplicationImpl pooled thread 1306] INFO  c.b.l.BrowserStackRunExtension - application
16:57:12.942 [ApplicationImpl pooled thread 1306] INFO  com.browserstack.utils.Helpers - null
16:57:41.020 [ApplicationImpl pooled thread 1337] INFO  c.b.l.BrowserStackRunExtension - application
16:57:41.020 [ApplicationImpl pooled thread 1337] INFO  com.browserstack.utils.Helpers - null
16:58:39.690 [ApplicationImpl pooled thread 1354] INFO  c.b.l.BrowserStackRunExtension - application
16:58:39.690 [ApplicationImpl pooled thread 1354] INFO  com.browserstack.utils.Helpers - null
17:02:07.189 [ApplicationImpl pooled thread 1354] INFO  c.b.l.BrowserStackRunExtension - application
17:02:07.189 [ApplicationImpl pooled thread 1354] INFO  com.browserstack.utils.Helpers - null
00:53:19.951 [ApplicationImpl pooled thread 1355] INFO  c.b.l.BrowserStackRunExtension - application
00:53:19.952 [ApplicationImpl pooled thread 1355] INFO  com.browserstack.utils.Helpers - null
00:54:41.164 [ApplicationImpl pooled thread 1359] INFO  c.b.l.BrowserStackRunExtension - application
00:54:41.164 [ApplicationImpl pooled thread 1359] INFO  com.browserstack.utils.Helpers - null
00:55:23.303 [ApplicationImpl pooled thread 1361] INFO  c.b.l.BrowserStackRunExtension - application
00:55:23.303 [ApplicationImpl pooled thread 1361] INFO  com.browserstack.utils.Helpers - null
00:56:00.079 [ApplicationImpl pooled thread 1355] INFO  c.b.l.BrowserStackRunExtension - application
00:56:00.079 [ApplicationImpl pooled thread 1355] INFO  com.browserstack.utils.Helpers - null
00:56:35.642 [ApplicationImpl pooled thread 1351] INFO  c.b.l.BrowserStackRunExtension - application
00:56:35.642 [ApplicationImpl pooled thread 1351] INFO  com.browserstack.utils.Helpers - null
00:58:06.530 [ApplicationImpl pooled thread 1366] INFO  c.b.l.BrowserStackRunExtension - application
00:58:06.531 [ApplicationImpl pooled thread 1366] INFO  com.browserstack.utils.Helpers - null
00:59:05.029 [ApplicationImpl pooled thread 1369] INFO  c.b.l.BrowserStackRunExtension - application
00:59:05.029 [ApplicationImpl pooled thread 1369] INFO  com.browserstack.utils.Helpers - null
00:59:27.973 [ApplicationImpl pooled thread 1368] INFO  c.b.l.BrowserStackRunExtension - application
00:59:27.973 [ApplicationImpl pooled thread 1368] INFO  com.browserstack.utils.Helpers - null
01:01:16.911 [ApplicationImpl pooled thread 1374] INFO  c.b.l.BrowserStackRunExtension - application
01:01:16.911 [ApplicationImpl pooled thread 1374] INFO  com.browserstack.utils.Helpers - null
01:01:30.029 [ApplicationImpl pooled thread 1365] INFO  c.b.l.BrowserStackRunExtension - application
01:01:30.030 [ApplicationImpl pooled thread 1365] INFO  com.browserstack.utils.Helpers - null
01:02:15.899 [ApplicationImpl pooled thread 1367] INFO  c.b.l.BrowserStackRunExtension - application
01:02:15.899 [ApplicationImpl pooled thread 1367] INFO  com.browserstack.utils.Helpers - null
15:56:49.980 [ApplicationImpl pooled thread 390] INFO  c.b.l.BrowserStackRunExtension - application
15:56:49.982 [ApplicationImpl pooled thread 390] INFO  com.browserstack.utils.Helpers - null
15:57:05.894 [ApplicationImpl pooled thread 397] INFO  c.b.l.BrowserStackRunExtension - application
15:57:05.895 [ApplicationImpl pooled thread 397] INFO  com.browserstack.utils.Helpers - null
16:00:56.729 [ApplicationImpl pooled thread 404] INFO  c.b.l.BrowserStackRunExtension - application
16:00:56.730 [ApplicationImpl pooled thread 404] INFO  com.browserstack.utils.Helpers - null
16:05:12.467 [ApplicationImpl pooled thread 417] INFO  c.b.l.BrowserStackRunExtension - application
16:05:12.467 [ApplicationImpl pooled thread 417] INFO  com.browserstack.utils.Helpers - null
16:23:40.808 [ApplicationImpl pooled thread 443] INFO  c.b.l.BrowserStackRunExtension - application
16:23:40.808 [ApplicationImpl pooled thread 443] INFO  com.browserstack.utils.Helpers - null
16:25:41.741 [ApplicationImpl pooled thread 456] INFO  c.b.l.BrowserStackRunExtension - application
16:25:41.741 [ApplicationImpl pooled thread 456] INFO  com.browserstack.utils.Helpers - null
20:40:06.919 [ApplicationImpl pooled thread 475] INFO  c.b.l.BrowserStackRunExtension - application
20:40:06.919 [ApplicationImpl pooled thread 475] INFO  com.browserstack.utils.Helpers - null
20:41:23.059 [ApplicationImpl pooled thread 479] INFO  c.b.l.BrowserStackRunExtension - application
20:41:23.059 [ApplicationImpl pooled thread 479] INFO  com.browserstack.utils.Helpers - null
00:08:16.111 [ApplicationImpl pooled thread 606] INFO  c.b.l.BrowserStackRunExtension - application
00:08:16.111 [ApplicationImpl pooled thread 606] INFO  com.browserstack.utils.Helpers - null
00:11:43.059 [ApplicationImpl pooled thread 615] INFO  c.b.l.BrowserStackRunExtension - application
00:11:43.059 [ApplicationImpl pooled thread 615] INFO  com.browserstack.utils.Helpers - null
00:13:11.325 [ApplicationImpl pooled thread 617] INFO  c.b.l.BrowserStackRunExtension - application
00:13:11.326 [ApplicationImpl pooled thread 617] INFO  com.browserstack.utils.Helpers - null
00:21:12.695 [ApplicationImpl pooled thread 637] INFO  c.b.l.BrowserStackRunExtension - testng
00:21:12.695 [ApplicationImpl pooled thread 637] INFO  com.browserstack.utils.Helpers - null
00:21:12.698 [ApplicationImpl pooled thread 637] INFO  c.b.l.BrowserStackRunExtension - Agent path: null
00:22:07.184 [ApplicationImpl pooled thread 647] INFO  c.b.l.BrowserStackRunExtension - testng
00:22:07.184 [ApplicationImpl pooled thread 647] INFO  com.browserstack.utils.Helpers - null
00:22:07.185 [ApplicationImpl pooled thread 647] INFO  c.b.l.BrowserStackRunExtension - Agent path: null
00:30:26.135 [ApplicationImpl pooled thread 654] INFO  c.b.l.BrowserStackRunExtension - testng
00:30:26.135 [ApplicationImpl pooled thread 654] INFO  com.browserstack.utils.Helpers - null
00:30:26.136 [ApplicationImpl pooled thread 654] INFO  c.b.l.BrowserStackRunExtension - Agent path: null
00:31:18.230 [ApplicationImpl pooled thread 654] INFO  c.b.l.BrowserStackRunExtension - testng
00:31:18.230 [ApplicationImpl pooled thread 654] INFO  com.browserstack.utils.Helpers - null
00:31:18.232 [ApplicationImpl pooled thread 654] INFO  c.b.l.BrowserStackRunExtension - Agent path: null
00:32:31.128 [ApplicationImpl pooled thread 663] INFO  c.b.l.BrowserStackRunExtension - testng
00:32:31.128 [ApplicationImpl pooled thread 663] INFO  com.browserstack.utils.Helpers - null
00:32:31.129 [ApplicationImpl pooled thread 663] INFO  c.b.l.BrowserStackRunExtension - Agent path: null
00:33:10.063 [ApplicationImpl pooled thread 663] INFO  c.b.l.BrowserStackRunExtension - testng
00:33:10.063 [ApplicationImpl pooled thread 663] INFO  com.browserstack.utils.Helpers - null
00:33:10.064 [ApplicationImpl pooled thread 663] INFO  c.b.l.BrowserStackRunExtension - Agent path: null
00:36:01.716 [ApplicationImpl pooled thread 677] INFO  c.b.l.BrowserStackRunExtension - testng
00:36:01.716 [ApplicationImpl pooled thread 677] INFO  com.browserstack.utils.Helpers - null
00:36:01.717 [ApplicationImpl pooled thread 677] INFO  c.b.l.BrowserStackRunExtension - Agent path: null
00:37:37.966 [ApplicationImpl pooled thread 676] INFO  c.b.l.BrowserStackRunExtension - testng
00:37:37.966 [ApplicationImpl pooled thread 676] INFO  com.browserstack.utils.Helpers - null
00:37:37.967 [ApplicationImpl pooled thread 676] INFO  c.b.l.BrowserStackRunExtension - Agent path: null
00:38:42.548 [ApplicationImpl pooled thread 677] INFO  c.b.l.BrowserStackRunExtension - testng
00:38:42.549 [ApplicationImpl pooled thread 677] INFO  com.browserstack.utils.Helpers - null
00:38:42.549 [ApplicationImpl pooled thread 677] INFO  c.b.l.BrowserStackRunExtension - Agent path: null
17:09:19.917 [ApplicationImpl pooled thread 61] INFO  c.b.l.BrowserStackRunExtension - application
17:09:19.956 [ApplicationImpl pooled thread 61] INFO  com.browserstack.utils.Helpers - null
17:12:20.163 [ApplicationImpl pooled thread 63] INFO  c.b.l.BrowserStackRunExtension - application
17:12:20.163 [ApplicationImpl pooled thread 63] INFO  com.browserstack.utils.Helpers - null
17:20:23.939 [ApplicationImpl pooled thread 66] INFO  c.b.l.BrowserStackRunExtension - application
17:20:23.940 [ApplicationImpl pooled thread 66] INFO  com.browserstack.utils.Helpers - null
00:21:26.808 [ApplicationImpl pooled thread 102] INFO  c.b.l.BrowserStackRunExtension - application
00:21:26.809 [ApplicationImpl pooled thread 102] INFO  com.browserstack.utils.Helpers - null
00:22:28.792 [ApplicationImpl pooled thread 108] INFO  c.b.l.BrowserStackRunExtension - application
00:22:28.792 [ApplicationImpl pooled thread 108] INFO  com.browserstack.utils.Helpers - null
00:22:51.809 [ApplicationImpl pooled thread 108] INFO  c.b.l.BrowserStackRunExtension - application
00:22:51.810 [ApplicationImpl pooled thread 108] INFO  com.browserstack.utils.Helpers - null
00:23:28.180 [ApplicationImpl pooled thread 105] INFO  c.b.l.BrowserStackRunExtension - application
00:23:28.180 [ApplicationImpl pooled thread 105] INFO  com.browserstack.utils.Helpers - null
00:23:56.895 [ApplicationImpl pooled thread 113] INFO  c.b.l.BrowserStackRunExtension - application
00:23:56.895 [ApplicationImpl pooled thread 113] INFO  com.browserstack.utils.Helpers - null
00:24:46.533 [ApplicationImpl pooled thread 105] INFO  c.b.l.BrowserStackRunExtension - application
00:24:46.533 [ApplicationImpl pooled thread 105] INFO  com.browserstack.utils.Helpers - null
00:27:18.075 [ApplicationImpl pooled thread 99] INFO  c.b.l.BrowserStackRunExtension - application
00:27:18.076 [ApplicationImpl pooled thread 99] INFO  com.browserstack.utils.Helpers - null
00:27:50.213 [ApplicationImpl pooled thread 121] INFO  c.b.l.BrowserStackRunExtension - application
00:27:50.213 [ApplicationImpl pooled thread 121] INFO  com.browserstack.utils.Helpers - null
00:38:36.867 [ApplicationImpl pooled thread 144] INFO  c.b.l.BrowserStackRunExtension - application
00:38:36.868 [ApplicationImpl pooled thread 144] INFO  com.browserstack.utils.Helpers - null
00:40:02.373 [ApplicationImpl pooled thread 144] INFO  c.b.l.BrowserStackRunExtension - application
00:40:02.373 [ApplicationImpl pooled thread 144] INFO  com.browserstack.utils.Helpers - null
00:40:44.313 [ApplicationImpl pooled thread 142] INFO  c.b.l.BrowserStackRunExtension - application
00:40:44.313 [ApplicationImpl pooled thread 142] INFO  com.browserstack.utils.Helpers - null
00:44:41.614 [ApplicationImpl pooled thread 149] INFO  c.b.l.BrowserStackRunExtension - application
00:44:41.614 [ApplicationImpl pooled thread 149] INFO  com.browserstack.utils.Helpers - null
00:46:35.477 [ApplicationImpl pooled thread 147] INFO  c.b.l.BrowserStackRunExtension - application
00:46:35.477 [ApplicationImpl pooled thread 147] INFO  com.browserstack.utils.Helpers - null
00:47:36.481 [ApplicationImpl pooled thread 146] INFO  c.b.l.BrowserStackRunExtension - application
00:47:36.481 [ApplicationImpl pooled thread 146] INFO  com.browserstack.utils.Helpers - null
00:48:14.520 [ApplicationImpl pooled thread 155] INFO  c.b.l.BrowserStackRunExtension - application
00:48:14.520 [ApplicationImpl pooled thread 155] INFO  com.browserstack.utils.Helpers - null
01:00:20.778 [ApplicationImpl pooled thread 168] INFO  c.b.l.BrowserStackRunExtension - application
01:00:20.778 [ApplicationImpl pooled thread 168] INFO  com.browserstack.utils.Helpers - null
01:06:37.605 [ApplicationImpl pooled thread 177] INFO  c.b.l.BrowserStackRunExtension - application
01:06:37.605 [ApplicationImpl pooled thread 177] INFO  com.browserstack.utils.Helpers - null
01:07:11.142 [ApplicationImpl pooled thread 184] INFO  c.b.l.BrowserStackRunExtension - application
01:07:11.142 [ApplicationImpl pooled thread 184] INFO  com.browserstack.utils.Helpers - null
01:11:41.709 [ApplicationImpl pooled thread 187] INFO  c.b.l.BrowserStackRunExtension - application
01:11:41.709 [ApplicationImpl pooled thread 187] INFO  com.browserstack.utils.Helpers - null
01:13:11.475 [ApplicationImpl pooled thread 191] INFO  c.b.l.BrowserStackRunExtension - application
01:13:11.476 [ApplicationImpl pooled thread 191] INFO  com.browserstack.utils.Helpers - null
01:13:49.708 [ApplicationImpl pooled thread 190] INFO  c.b.l.BrowserStackRunExtension - application
01:13:49.709 [ApplicationImpl pooled thread 190] INFO  com.browserstack.utils.Helpers - null
01:21:06.003 [ApplicationImpl pooled thread 195] INFO  c.b.l.BrowserStackRunExtension - application
01:21:06.004 [ApplicationImpl pooled thread 195] INFO  com.browserstack.utils.Helpers - null
01:21:21.898 [ApplicationImpl pooled thread 202] INFO  c.b.l.BrowserStackRunExtension - application
01:21:21.899 [ApplicationImpl pooled thread 202] INFO  com.browserstack.utils.Helpers - null
01:23:10.674 [ApplicationImpl pooled thread 195] INFO  c.b.l.BrowserStackRunExtension - application
01:23:10.675 [ApplicationImpl pooled thread 195] INFO  com.browserstack.utils.Helpers - null
01:23:35.602 [ApplicationImpl pooled thread 190] INFO  c.b.l.BrowserStackRunExtension - application
01:23:35.603 [ApplicationImpl pooled thread 190] INFO  com.browserstack.utils.Helpers - null
01:24:10.858 [ApplicationImpl pooled thread 196] INFO  c.b.l.BrowserStackRunExtension - application
01:24:10.859 [ApplicationImpl pooled thread 196] INFO  com.browserstack.utils.Helpers - null
01:25:19.819 [ApplicationImpl pooled thread 210] INFO  c.b.l.BrowserStackRunExtension - application
01:25:19.819 [ApplicationImpl pooled thread 210] INFO  com.browserstack.utils.Helpers - null
00:19:33.528 [ApplicationImpl pooled thread 1017] INFO  c.b.l.BrowserStackRunExtension - testng
00:19:33.529 [ApplicationImpl pooled thread 1017] INFO  com.browserstack.utils.Helpers - null
00:19:33.531 [ApplicationImpl pooled thread 1017] INFO  c.b.l.BrowserStackRunExtension - Agent path: null
15:44:09.048 [AWT-EventQueue-0] INFO  c.b.actions.EnableBrowserStack - Setting enable browserstack run update
15:44:09.073 [AWT-EventQueue-0] INFO  c.b.actions.DisableBrowserStack - Setting disable browserstack run update
15:53:02.244 [ApplicationImpl pooled thread 112] INFO  c.b.l.BrowserStackRunExtension - application
15:53:02.244 [ApplicationImpl pooled thread 112] INFO  com.browserstack.utils.Helpers - null
16:00:26.083 [ApplicationImpl pooled thread 120] INFO  c.b.l.BrowserStackRunExtension - application
16:00:26.083 [ApplicationImpl pooled thread 120] INFO  com.browserstack.utils.Helpers - null
16:04:23.012 [ApplicationImpl pooled thread 130] INFO  c.b.l.BrowserStackRunExtension - application
16:04:23.012 [ApplicationImpl pooled thread 130] INFO  com.browserstack.utils.Helpers - null
16:07:09.603 [ApplicationImpl pooled thread 138] INFO  c.b.l.BrowserStackRunExtension - application
16:07:09.604 [ApplicationImpl pooled thread 138] INFO  com.browserstack.utils.Helpers - null
16:08:14.663 [ApplicationImpl pooled thread 123] INFO  c.b.l.BrowserStackRunExtension - application
16:08:14.663 [ApplicationImpl pooled thread 123] INFO  com.browserstack.utils.Helpers - null
16:10:54.798 [ApplicationImpl pooled thread 140] INFO  c.b.l.BrowserStackRunExtension - maven
16:10:54.798 [ApplicationImpl pooled thread 140] INFO  com.browserstack.utils.Helpers - null
16:14:50.578 [ApplicationImpl pooled thread 165] INFO  c.b.l.BrowserStackRunExtension - application
16:14:50.579 [ApplicationImpl pooled thread 165] INFO  com.browserstack.utils.Helpers - null
16:20:57.232 [ApplicationImpl pooled thread 193] INFO  c.b.l.BrowserStackRunExtension - application
16:20:57.232 [ApplicationImpl pooled thread 193] INFO  com.browserstack.utils.Helpers - null
16:29:03.846 [ApplicationImpl pooled thread 207] INFO  c.b.l.BrowserStackRunExtension - application
16:29:03.846 [ApplicationImpl pooled thread 207] INFO  com.browserstack.utils.Helpers - null
16:29:41.076 [ApplicationImpl pooled thread 208] INFO  c.b.l.BrowserStackRunExtension - application
16:29:41.077 [ApplicationImpl pooled thread 208] INFO  com.browserstack.utils.Helpers - null
16:31:52.387 [ApplicationImpl pooled thread 216] INFO  c.b.l.BrowserStackRunExtension - application
16:31:52.387 [ApplicationImpl pooled thread 216] INFO  com.browserstack.utils.Helpers - null
16:53:07.737 [ApplicationImpl pooled thread 222] INFO  c.b.l.BrowserStackRunExtension - application
16:53:07.737 [ApplicationImpl pooled thread 222] INFO  com.browserstack.utils.Helpers - null
16:54:06.226 [ApplicationImpl pooled thread 224] INFO  c.b.l.BrowserStackRunExtension - application
16:54:06.226 [ApplicationImpl pooled thread 224] INFO  com.browserstack.utils.Helpers - null
16:57:14.593 [ApplicationImpl pooled thread 229] INFO  c.b.l.BrowserStackRunExtension - application
16:57:14.593 [ApplicationImpl pooled thread 229] INFO  com.browserstack.utils.Helpers - null
17:10:23.707 [ApplicationImpl pooled thread 251] INFO  c.b.l.BrowserStackRunExtension - application
17:10:23.707 [ApplicationImpl pooled thread 251] INFO  com.browserstack.utils.Helpers - null
17:29:55.539 [ApplicationImpl pooled thread 268] INFO  c.b.l.BrowserStackRunExtension - application
17:29:55.539 [ApplicationImpl pooled thread 268] INFO  com.browserstack.utils.Helpers - null
17:31:25.723 [ApplicationImpl pooled thread 278] INFO  c.b.l.BrowserStackRunExtension - application
17:31:25.724 [ApplicationImpl pooled thread 278] INFO  com.browserstack.utils.Helpers - null
17:39:13.574 [ApplicationImpl pooled thread 290] INFO  c.b.l.BrowserStackRunExtension - application
17:39:13.574 [ApplicationImpl pooled thread 290] INFO  com.browserstack.utils.Helpers - null
17:39:30.047 [ApplicationImpl pooled thread 289] INFO  c.b.l.BrowserStackRunExtension - application
17:39:30.047 [ApplicationImpl pooled thread 289] INFO  com.browserstack.utils.Helpers - null
17:40:55.746 [ApplicationImpl pooled thread 285] INFO  c.b.l.BrowserStackRunExtension - application
17:40:55.746 [ApplicationImpl pooled thread 285] INFO  com.browserstack.utils.Helpers - null
17:41:46.829 [ApplicationImpl pooled thread 298] INFO  c.b.l.BrowserStackRunExtension - application
17:41:46.829 [ApplicationImpl pooled thread 298] INFO  com.browserstack.utils.Helpers - null
17:43:21.125 [ApplicationImpl pooled thread 296] INFO  c.b.l.BrowserStackRunExtension - application
17:43:21.125 [ApplicationImpl pooled thread 296] INFO  com.browserstack.utils.Helpers - null
17:45:42.329 [ApplicationImpl pooled thread 305] INFO  c.b.l.BrowserStackRunExtension - application
17:45:42.329 [ApplicationImpl pooled thread 305] INFO  com.browserstack.utils.Helpers - null
17:48:25.421 [ApplicationImpl pooled thread 306] INFO  c.b.l.BrowserStackRunExtension - application
17:48:25.422 [ApplicationImpl pooled thread 306] INFO  com.browserstack.utils.Helpers - null
18:04:16.354 [ApplicationImpl pooled thread 313] INFO  c.b.l.BrowserStackRunExtension - application
18:04:16.354 [ApplicationImpl pooled thread 313] INFO  com.browserstack.utils.Helpers - null
18:05:07.302 [ApplicationImpl pooled thread 306] INFO  c.b.l.BrowserStackRunExtension - application
18:05:07.302 [ApplicationImpl pooled thread 306] INFO  com.browserstack.utils.Helpers - null
18:11:57.402 [ApplicationImpl pooled thread 323] INFO  c.b.l.BrowserStackRunExtension - application
18:11:57.402 [ApplicationImpl pooled thread 323] INFO  com.browserstack.utils.Helpers - null
18:14:20.087 [ApplicationImpl pooled thread 330] INFO  c.b.l.BrowserStackRunExtension - application
18:14:20.087 [ApplicationImpl pooled thread 330] INFO  com.browserstack.utils.Helpers - null
18:20:01.352 [ApplicationImpl pooled thread 332] INFO  c.b.l.BrowserStackRunExtension - application
18:20:01.352 [ApplicationImpl pooled thread 332] INFO  com.browserstack.utils.Helpers - null
18:23:54.439 [ApplicationImpl pooled thread 332] INFO  c.b.l.BrowserStackRunExtension - application
18:23:54.440 [ApplicationImpl pooled thread 332] INFO  com.browserstack.utils.Helpers - null
18:25:05.180 [ApplicationImpl pooled thread 345] INFO  c.b.l.BrowserStackRunExtension - application
18:25:05.181 [ApplicationImpl pooled thread 345] INFO  com.browserstack.utils.Helpers - null
18:28:12.847 [ApplicationImpl pooled thread 345] INFO  c.b.l.BrowserStackRunExtension - application
18:28:12.847 [ApplicationImpl pooled thread 345] INFO  com.browserstack.utils.Helpers - null
18:37:43.056 [ApplicationImpl pooled thread 368] INFO  c.b.l.BrowserStackRunExtension - application
18:37:43.057 [ApplicationImpl pooled thread 368] INFO  com.browserstack.utils.Helpers - null
18:39:18.314 [ApplicationImpl pooled thread 369] INFO  c.b.l.BrowserStackRunExtension - application
18:39:18.315 [ApplicationImpl pooled thread 369] INFO  com.browserstack.utils.Helpers - null
18:41:39.358 [ApplicationImpl pooled thread 374] INFO  c.b.l.BrowserStackRunExtension - application
18:41:39.359 [ApplicationImpl pooled thread 374] INFO  com.browserstack.utils.Helpers - null
23:58:24.822 [ApplicationImpl pooled thread 392] INFO  c.b.l.BrowserStackRunExtension - application
23:58:24.822 [ApplicationImpl pooled thread 392] INFO  com.browserstack.utils.Helpers - null
00:14:13.220 [ApplicationImpl pooled thread 463] INFO  c.b.l.BrowserStackRunExtension - testng
00:14:13.220 [ApplicationImpl pooled thread 463] INFO  com.browserstack.utils.Helpers - null
00:14:13.221 [ApplicationImpl pooled thread 463] INFO  c.b.l.BrowserStackRunExtension - Agent path: null
00:15:32.380 [ApplicationImpl pooled thread 465] INFO  c.b.l.BrowserStackRunExtension - application
00:15:32.380 [ApplicationImpl pooled thread 465] INFO  com.browserstack.utils.Helpers - null
00:17:54.776 [ApplicationImpl pooled thread 468] INFO  c.b.l.BrowserStackRunExtension - application
00:17:54.776 [ApplicationImpl pooled thread 468] INFO  com.browserstack.utils.Helpers - null
00:22:03.221 [ApplicationImpl pooled thread 476] INFO  c.b.l.BrowserStackRunExtension - application
00:22:03.221 [ApplicationImpl pooled thread 476] INFO  com.browserstack.utils.Helpers - null
12:31:15.416 [ApplicationImpl pooled thread 713] INFO  c.b.l.BrowserStackRunExtension - testng
12:31:15.417 [ApplicationImpl pooled thread 713] INFO  com.browserstack.utils.Helpers - null
12:31:15.418 [ApplicationImpl pooled thread 713] INFO  c.b.l.BrowserStackRunExtension - Agent path: null
12:31:45.692 [ApplicationImpl pooled thread 707] INFO  c.b.l.BrowserStackRunExtension - testng
12:31:45.692 [ApplicationImpl pooled thread 707] INFO  com.browserstack.utils.Helpers - null
12:31:45.694 [ApplicationImpl pooled thread 707] INFO  c.b.l.BrowserStackRunExtension - Agent path: null
12:33:15.849 [ApplicationImpl pooled thread 721] INFO  c.b.l.BrowserStackRunExtension - testng
12:33:15.850 [ApplicationImpl pooled thread 721] INFO  com.browserstack.utils.Helpers - null
12:33:15.850 [ApplicationImpl pooled thread 721] INFO  c.b.l.BrowserStackRunExtension - Agent path: null
12:41:04.227 [ApplicationImpl pooled thread 742] INFO  c.b.l.BrowserStackRunExtension - testng
12:41:04.227 [ApplicationImpl pooled thread 742] INFO  com.browserstack.utils.Helpers - null
12:41:04.228 [ApplicationImpl pooled thread 742] INFO  c.b.l.BrowserStackRunExtension - Agent path: null
12:42:49.134 [ApplicationImpl pooled thread 745] INFO  c.b.l.BrowserStackRunExtension - testng
12:42:49.135 [ApplicationImpl pooled thread 745] INFO  com.browserstack.utils.Helpers - null
12:42:49.135 [ApplicationImpl pooled thread 745] INFO  c.b.l.BrowserStackRunExtension - Agent path: null
12:47:45.372 [ApplicationImpl pooled thread 745] INFO  c.b.l.BrowserStackRunExtension - testng
12:47:45.372 [ApplicationImpl pooled thread 745] INFO  com.browserstack.utils.Helpers - null
12:47:45.373 [ApplicationImpl pooled thread 745] INFO  c.b.l.BrowserStackRunExtension - Agent path: null
12:48:16.020 [ApplicationImpl pooled thread 741] INFO  c.b.l.BrowserStackRunExtension - maven
12:48:16.020 [ApplicationImpl pooled thread 741] INFO  com.browserstack.utils.Helpers - null
12:48:47.714 [ApplicationImpl pooled thread 750] INFO  c.b.l.BrowserStackRunExtension - testng
12:48:47.715 [ApplicationImpl pooled thread 750] INFO  com.browserstack.utils.Helpers - null
12:48:47.717 [ApplicationImpl pooled thread 750] INFO  c.b.l.BrowserStackRunExtension - Agent path: null
12:51:16.319 [ApplicationImpl pooled thread 768] INFO  c.b.l.BrowserStackRunExtension - testng
12:51:16.319 [ApplicationImpl pooled thread 768] INFO  com.browserstack.utils.Helpers - null
12:51:16.320 [ApplicationImpl pooled thread 768] INFO  c.b.l.BrowserStackRunExtension - Agent path: null
12:55:23.556 [ApplicationImpl pooled thread 768] INFO  c.b.l.BrowserStackRunExtension - testng
12:55:23.556 [ApplicationImpl pooled thread 768] INFO  com.browserstack.utils.Helpers - null
12:55:23.557 [ApplicationImpl pooled thread 768] INFO  c.b.l.BrowserStackRunExtension - Agent path: null
12:57:41.739 [ApplicationImpl pooled thread 771] INFO  c.b.l.BrowserStackRunExtension - testng
12:57:41.739 [ApplicationImpl pooled thread 771] INFO  com.browserstack.utils.Helpers - null
12:57:41.740 [ApplicationImpl pooled thread 771] INFO  c.b.l.BrowserStackRunExtension - Agent path: null
14:01:14.513 [ApplicationImpl pooled thread 797] INFO  c.b.l.BrowserStackRunExtension - testng
14:01:14.513 [ApplicationImpl pooled thread 797] INFO  com.browserstack.utils.Helpers - null
14:01:14.513 [ApplicationImpl pooled thread 797] INFO  c.b.l.BrowserStackRunExtension - Agent path: null
14:05:43.003 [ApplicationImpl pooled thread 799] INFO  c.b.l.BrowserStackRunExtension - testng
14:05:43.003 [ApplicationImpl pooled thread 799] INFO  com.browserstack.utils.Helpers - null
14:05:43.004 [ApplicationImpl pooled thread 799] INFO  c.b.l.BrowserStackRunExtension - Agent path: null
14:06:36.948 [ApplicationImpl pooled thread 812] INFO  c.b.l.BrowserStackRunExtension - testng
14:06:36.948 [ApplicationImpl pooled thread 812] INFO  com.browserstack.utils.Helpers - null
14:06:36.949 [ApplicationImpl pooled thread 812] INFO  c.b.l.BrowserStackRunExtension - Agent path: null
14:07:38.590 [ApplicationImpl pooled thread 813] INFO  c.b.l.BrowserStackRunExtension - testng
14:07:38.590 [ApplicationImpl pooled thread 813] INFO  com.browserstack.utils.Helpers - null
14:07:38.590 [ApplicationImpl pooled thread 813] INFO  c.b.l.BrowserStackRunExtension - Agent path: null
14:08:22.562 [ApplicationImpl pooled thread 811] INFO  c.b.l.BrowserStackRunExtension - testng
14:08:22.563 [ApplicationImpl pooled thread 811] INFO  com.browserstack.utils.Helpers - null
14:08:22.563 [ApplicationImpl pooled thread 811] INFO  c.b.l.BrowserStackRunExtension - Agent path: null
14:14:03.240 [ApplicationImpl pooled thread 819] INFO  c.b.l.BrowserStackRunExtension - testng
14:14:03.240 [ApplicationImpl pooled thread 819] INFO  com.browserstack.utils.Helpers - null
14:14:03.241 [ApplicationImpl pooled thread 819] INFO  c.b.l.BrowserStackRunExtension - Agent path: null
14:15:13.950 [ApplicationImpl pooled thread 818] INFO  c.b.l.BrowserStackRunExtension - testng
14:15:13.951 [ApplicationImpl pooled thread 818] INFO  com.browserstack.utils.Helpers - null
14:15:13.951 [ApplicationImpl pooled thread 818] INFO  c.b.l.BrowserStackRunExtension - Agent path: null
14:15:52.213 [ApplicationImpl pooled thread 815] INFO  c.b.l.BrowserStackRunExtension - testng
14:15:52.214 [ApplicationImpl pooled thread 815] INFO  com.browserstack.utils.Helpers - null
14:15:52.214 [ApplicationImpl pooled thread 815] INFO  c.b.l.BrowserStackRunExtension - Agent path: null
14:17:43.990 [ApplicationImpl pooled thread 818] INFO  c.b.l.BrowserStackRunExtension - testng
14:17:43.990 [ApplicationImpl pooled thread 818] INFO  com.browserstack.utils.Helpers - null
14:17:43.991 [ApplicationImpl pooled thread 818] INFO  c.b.l.BrowserStackRunExtension - Agent path: null
14:21:15.504 [ApplicationImpl pooled thread 832] INFO  c.b.l.BrowserStackRunExtension - testng
14:21:15.504 [ApplicationImpl pooled thread 832] INFO  com.browserstack.utils.Helpers - null
14:21:15.505 [ApplicationImpl pooled thread 832] INFO  c.b.l.BrowserStackRunExtension - Agent path: null
14:22:47.298 [ApplicationImpl pooled thread 836] INFO  c.b.l.BrowserStackRunExtension - testng
14:22:47.298 [ApplicationImpl pooled thread 836] INFO  com.browserstack.utils.Helpers - null
14:22:47.299 [ApplicationImpl pooled thread 836] INFO  c.b.l.BrowserStackRunExtension - Agent path: null
